<?xml version="1.0" encoding="UTF-8"?>
<!-- Generated by org.testng.reporters.JUnitXMLReporter -->
<testsuite ignored="0" hostname="DESKTOP-O949GMR" failures="0" tests="2" name="Default test" time="19.529" errors="0" timestamp="2024-01-06T11:33:42 IST">
  <testcase classname="testingframework.Tests.ErrorValidationsTest" name="LoginErrorValidation" time="0.54"/>
  <testcase classname="testingframework.Tests.ErrorValidationsTest" name="ProductErrorValidation" time="8.174"/>
</testsuite> <!-- Default test -->
