<?xml version="1.0" encoding="UTF-8"?>
<!-- Generated by org.testng.reporters.JUnitXMLReporter -->
<testsuite ignored="1" hostname="DESKTOP-O949GMR" failures="0" tests="2" name="Default test" time="35.907" errors="0" timestamp="2024-01-04T22:10:21 IST">
  <testcase classname="testingframework.Tests.SubmitOrderTest" name="SubmitOrder" time="13.043"/>
  <testcase classname="testingframework.Tests.SubmitOrderTest" name="SubmitOrder" time="13.096"/>
  <testcase classname="testingframework.Tests.SubmitOrderTest" name="orderHistoryTest" time="0.0">
    <ignored/>
  </testcase> <!-- orderHistoryTest -->
</testsuite> <!-- Default test -->
