<?xml version="1.0" encoding="UTF-8"?>
<!-- Generated by org.testng.reporters.JUnitXMLReporter -->
<testsuite ignored="1" hostname="DESKTOP-O949GMR" failures="1" tests="2" name="Error Validation Test" time="13.106" errors="0" timestamp="2024-01-06T21:56:10 IST">
  <testcase classname="testingframework.Tests.ErrorValidationsTest" name="LoginErrorValidation" time="0.566">
    <skipped/>
  </testcase> <!-- LoginErrorValidation -->
  <testcase classname="testingframework.Tests.ErrorValidationsTest" name="LoginErrorValidation" time="1.094">
    <failure type="java.lang.AssertionError" message="expected [Incorrect email or password.] but found [Incorrect email or password]">
      <![CDATA[java.lang.AssertionError: expected [Incorrect email or password.] but found [Incorrect email or password]
at testingframework.Tests.ErrorValidationsTest.LoginErrorValidation(ErrorValidationsTest.java:22)
at java.base/java.util.ArrayList.forEach(ArrayList.java:1511)
... Removed 33 stack frames]]>
    </failure>
  </testcase> <!-- LoginErrorValidation -->
  <testcase classname="testingframework.Tests.ErrorValidationsTest" name="ProductErrorValidation" time="0.0">
    <ignored/>
  </testcase> <!-- ProductErrorValidation -->
</testsuite> <!-- Error Validation Test -->
