<?xml version="1.0" encoding="UTF-8"?>
<!-- Generated by org.testng.reporters.JUnitXMLReporter -->
<testsuite ignored="0" hostname="DESKTOP-O949GMR" failures="0" tests="3" name="Submit Order Test" time="44.954" errors="0" timestamp="2024-01-06T11:47:50 IST">
  <testcase classname="testingframework.Tests.SubmitOrderTest" name="SubmitOrder" time="13.111"/>
  <testcase classname="testingframework.Tests.SubmitOrderTest" name="SubmitOrder" time="13.208"/>
  <testcase classname="testingframework.Tests.SubmitOrderTest" name="orderHistoryTest" time="4.606"/>
</testsuite> <!-- Submit Order Test -->
