<?xml version="1.0" encoding="UTF-8"?>
<testng-results ignored="0" total="1" passed="1" failed="0" skipped="0">
  <reporter-output>
  </reporter-output>
  <suite started-at="2023-12-23T22:55:29 IST" name="Default suite" finished-at="2023-12-23T22:55:47 IST" duration-ms="18027">
    <groups>
    </groups>
    <test started-at="2023-12-23T22:55:29 IST" name="Default test" finished-at="2023-12-23T22:55:47 IST" duration-ms="18027">
      <class name="testingframework.Tests.SubmitOrderTest">
        <test-method signature="SubmitOrder()[pri:0, instance:testingframework.Tests.SubmitOrderTest@4550bb58]" started-at="2023-12-23T22:55:29 IST" name="SubmitOrder" finished-at="2023-12-23T22:55:47 IST" duration-ms="17974" status="PASS">
          <reporter-output>
          </reporter-output>
        </test-method> <!-- SubmitOrder -->
      </class> <!-- testingframework.Tests.SubmitOrderTest -->
    </test> <!-- Default test -->
  </suite> <!-- Default suite -->
</testng-results>
