<?xml version="1.0" encoding="UTF-8"?>
<testng-results ignored="0" total="2" passed="2" failed="0" skipped="0">
  <reporter-output>
  </reporter-output>
  <suite started-at="2024-01-01T23:03:33 IST" name="Default suite" finished-at="2024-01-01T23:03:59 IST" duration-ms="26074">
    <groups>
    </groups>
    <test started-at="2024-01-01T23:03:33 IST" name="Default test" finished-at="2024-01-01T23:03:59 IST" duration-ms="26074">
      <class name="testingframework.Tests.SubmitOrderTest">
        <test-method is-config="true" signature="launchApplication()[pri:0, instance:testingframework.Tests.SubmitOrderTest@293a5bf6]" started-at="2024-01-01T23:03:33 IST" name="launchApplication" finished-at="2024-01-01T23:03:37 IST" duration-ms="4087" status="PASS">
          <reporter-output>
          </reporter-output>
        </test-method> <!-- launchApplication -->
        <test-method signature="SubmitOrder()[pri:0, instance:testingframework.Tests.SubmitOrderTest@293a5bf6]" started-at="2024-01-01T23:03:37 IST" name="SubmitOrder" finished-at="2024-01-01T23:03:48 IST" duration-ms="11031" status="PASS">
          <reporter-output>
          </reporter-output>
        </test-method> <!-- SubmitOrder -->
        <test-method is-config="true" signature="tearDown()[pri:0, instance:testingframework.Tests.SubmitOrderTest@293a5bf6]" started-at="2024-01-01T23:03:48 IST" name="tearDown" finished-at="2024-01-01T23:03:50 IST" duration-ms="2177" status="PASS">
          <reporter-output>
          </reporter-output>
        </test-method> <!-- tearDown -->
        <test-method is-config="true" signature="launchApplication()[pri:0, instance:testingframework.Tests.SubmitOrderTest@293a5bf6]" started-at="2024-01-01T23:03:50 IST" name="launchApplication" finished-at="2024-01-01T23:03:52 IST" duration-ms="1835" status="PASS">
          <reporter-output>
          </reporter-output>
        </test-method> <!-- launchApplication -->
        <test-method signature="orderHistoryTest()[pri:0, instance:testingframework.Tests.SubmitOrderTest@293a5bf6]" started-at="2024-01-01T23:03:52 IST" name="orderHistoryTest" finished-at="2024-01-01T23:03:56 IST" depends-on-methods="testingframework.Tests.SubmitOrderTest.SubmitOrder" duration-ms="4679" status="PASS">
          <reporter-output>
          </reporter-output>
        </test-method> <!-- orderHistoryTest -->
        <test-method is-config="true" signature="tearDown()[pri:0, instance:testingframework.Tests.SubmitOrderTest@293a5bf6]" started-at="2024-01-01T23:03:56 IST" name="tearDown" finished-at="2024-01-01T23:03:59 IST" duration-ms="2195" status="PASS">
          <reporter-output>
          </reporter-output>
        </test-method> <!-- tearDown -->
      </class> <!-- testingframework.Tests.SubmitOrderTest -->
    </test> <!-- Default test -->
  </suite> <!-- Default suite -->
</testng-results>
