<?xml version="1.0" encoding="UTF-8"?>
<testng-results ignored="0" total="1" passed="1" failed="0" skipped="0">
  <reporter-output>
  </reporter-output>
  <suite started-at="2023-12-24T21:10:35 IST" name="Default suite" finished-at="2023-12-24T21:10:51 IST" duration-ms="16580">
    <groups>
    </groups>
    <test started-at="2023-12-24T21:10:35 IST" name="Default test" finished-at="2023-12-24T21:10:51 IST" duration-ms="16580">
      <class name="testingframework.Tests.SubmitOrderTest">
        <test-method is-config="true" signature="launchApplication()[pri:0, instance:testingframework.Tests.SubmitOrderTest@7d8995e]" started-at="2023-12-24T21:10:35 IST" name="launchApplication" finished-at="2023-12-24T21:10:38 IST" duration-ms="3220" status="PASS">
          <reporter-output>
          </reporter-output>
        </test-method> <!-- launchApplication -->
        <test-method signature="SubmitOrder()[pri:0, instance:testingframework.Tests.SubmitOrderTest@7d8995e]" started-at="2023-12-24T21:10:38 IST" name="SubmitOrder" finished-at="2023-12-24T21:10:49 IST" duration-ms="11137" status="PASS">
          <reporter-output>
          </reporter-output>
        </test-method> <!-- SubmitOrder -->
        <test-method is-config="true" signature="tearDown()[pri:0, instance:testingframework.Tests.SubmitOrderTest@7d8995e]" started-at="2023-12-24T21:10:49 IST" name="tearDown" finished-at="2023-12-24T21:10:51 IST" duration-ms="2173" status="PASS">
          <reporter-output>
          </reporter-output>
        </test-method> <!-- tearDown -->
      </class> <!-- testingframework.Tests.SubmitOrderTest -->
    </test> <!-- Default test -->
  </suite> <!-- Default suite -->
</testng-results>
