<?xml version="1.0" encoding="UTF-8"?>
<testng-results ignored="0" total="2" passed="2" failed="0" skipped="0">
  <reporter-output>
  </reporter-output>
  <suite started-at="2024-01-02T23:45:10 IST" name="Default suite" finished-at="2024-01-02T23:45:49 IST" duration-ms="38608">
    <groups>
    </groups>
    <test started-at="2024-01-02T23:45:10 IST" name="Default test" finished-at="2024-01-02T23:45:49 IST" duration-ms="38608">
      <class name="testingframework.Tests.SubmitOrderTest">
        <test-method is-config="true" signature="launchApplication()[pri:0, instance:testingframework.Tests.SubmitOrderTest@4135c3b]" started-at="2024-01-02T23:45:10 IST" name="launchApplication" finished-at="2024-01-02T23:45:14 IST" duration-ms="3860" status="PASS">
          <reporter-output>
          </reporter-output>
        </test-method> <!-- launchApplication -->
        <test-method signature="SubmitOrder(java.util.HashMap)[pri:0, instance:testingframework.Tests.SubmitOrderTest@4135c3b]" started-at="2024-01-02T23:45:14 IST" name="SubmitOrder" data-provider="getData" finished-at="2024-01-02T23:45:27 IST" duration-ms="13156" status="PASS">
          <params>
            <param index="0">
              <value>
                <![CDATA[{password=Avos@1234, product=ADIDAS ORIGINAL, username=AvosD@gmail.com}]]>
              </value>
            </param>
          </params>
          <reporter-output>
          </reporter-output>
        </test-method> <!-- SubmitOrder -->
        <test-method is-config="true" signature="tearDown()[pri:0, instance:testingframework.Tests.SubmitOrderTest@4135c3b]" started-at="2024-01-02T23:45:27 IST" name="tearDown" finished-at="2024-01-02T23:45:30 IST" duration-ms="2193" status="PASS">
          <reporter-output>
          </reporter-output>
        </test-method> <!-- tearDown -->
        <test-method is-config="true" signature="launchApplication()[pri:0, instance:testingframework.Tests.SubmitOrderTest@4135c3b]" started-at="2024-01-02T23:45:30 IST" name="launchApplication" finished-at="2024-01-02T23:45:34 IST" duration-ms="4099" status="PASS">
          <reporter-output>
          </reporter-output>
        </test-method> <!-- launchApplication -->
        <test-method signature="SubmitOrder(java.util.HashMap)[pri:0, instance:testingframework.Tests.SubmitOrderTest@4135c3b]" started-at="2024-01-02T23:45:34 IST" name="SubmitOrder" data-provider="getData" finished-at="2024-01-02T23:45:47 IST" duration-ms="13023" status="PASS">
          <params>
            <param index="0">
              <value>
                <![CDATA[{password=Acekazuki@123, product=ACE SWAGS, username=ace_kazuki@gmail.com}]]>
              </value>
            </param>
          </params>
          <reporter-output>
          </reporter-output>
        </test-method> <!-- SubmitOrder -->
        <test-method is-config="true" signature="tearDown()[pri:0, instance:testingframework.Tests.SubmitOrderTest@4135c3b]" started-at="2024-01-02T23:45:47 IST" name="tearDown" finished-at="2024-01-02T23:45:49 IST" duration-ms="2203" status="PASS">
          <reporter-output>
          </reporter-output>
        </test-method> <!-- tearDown -->
      </class> <!-- testingframework.Tests.SubmitOrderTest -->
    </test> <!-- Default test -->
  </suite> <!-- Default suite -->
</testng-results>
