<?xml version="1.0" encoding="UTF-8"?>
<testng-results ignored="0" total="2" passed="2" failed="0" skipped="0">
  <reporter-output>
  </reporter-output>
  <suite started-at="2024-01-04T22:09:45 IST" name="Default suite" finished-at="2024-01-04T22:10:21 IST" duration-ms="35907">
    <groups>
    </groups>
    <test started-at="2024-01-04T22:09:45 IST" name="Default test" finished-at="2024-01-04T22:10:21 IST" duration-ms="35907">
      <class name="testingframework.Tests.SubmitOrderTest">
        <test-method is-config="true" signature="launchApplication()[pri:0, instance:testingframework.Tests.SubmitOrderTest@6f1de4c7]" started-at="2024-01-04T22:09:45 IST" name="launchApplication" finished-at="2024-01-04T22:09:48 IST" duration-ms="2393" status="PASS">
          <reporter-output>
          </reporter-output>
        </test-method> <!-- launchApplication -->
        <test-method signature="SubmitOrder(java.util.HashMap)[pri:0, instance:testingframework.Tests.SubmitOrderTest@6f1de4c7]" started-at="2024-01-04T22:09:48 IST" name="SubmitOrder" data-provider="getData" finished-at="2024-01-04T22:10:01 IST" duration-ms="13043" status="PASS">
          <params>
            <param index="0">
              <value>
                <![CDATA[{password=Avos@1234, product=ZARA COAT 3, username=AvosD@gmail.com}]]>
              </value>
            </param>
          </params>
          <reporter-output>
          </reporter-output>
        </test-method> <!-- SubmitOrder -->
        <test-method is-config="true" signature="tearDown()[pri:0, instance:testingframework.Tests.SubmitOrderTest@6f1de4c7]" started-at="2024-01-04T22:10:01 IST" name="tearDown" finished-at="2024-01-04T22:10:03 IST" duration-ms="2180" status="PASS">
          <reporter-output>
          </reporter-output>
        </test-method> <!-- tearDown -->
        <test-method is-config="true" signature="launchApplication()[pri:0, instance:testingframework.Tests.SubmitOrderTest@6f1de4c7]" started-at="2024-01-04T22:10:03 IST" name="launchApplication" finished-at="2024-01-04T22:10:06 IST" duration-ms="2730" status="PASS">
          <reporter-output>
          </reporter-output>
        </test-method> <!-- launchApplication -->
        <test-method signature="SubmitOrder(java.util.HashMap)[pri:0, instance:testingframework.Tests.SubmitOrderTest@6f1de4c7]" started-at="2024-01-04T22:10:06 IST" name="SubmitOrder" data-provider="getData" finished-at="2024-01-04T22:10:19 IST" duration-ms="13096" status="PASS">
          <params>
            <param index="0">
              <value>
                <![CDATA[{password=Acekazuki@123, product=ACE SWAGS, username=ace_kazuki@gmail.com}]]>
              </value>
            </param>
          </params>
          <reporter-output>
          </reporter-output>
        </test-method> <!-- SubmitOrder -->
        <test-method is-config="true" signature="tearDown()[pri:0, instance:testingframework.Tests.SubmitOrderTest@6f1de4c7]" started-at="2024-01-04T22:10:19 IST" name="tearDown" finished-at="2024-01-04T22:10:21 IST" duration-ms="2166" status="PASS">
          <reporter-output>
          </reporter-output>
        </test-method> <!-- tearDown -->
      </class> <!-- testingframework.Tests.SubmitOrderTest -->
    </test> <!-- Default test -->
  </suite> <!-- Default suite -->
</testng-results>
