<?xml version="1.0" encoding="UTF-8"?>
<testng-results ignored="0" total="5" passed="5" failed="0" skipped="0">
  <reporter-output>
  </reporter-output>
  <suite started-at="2024-01-06T11:47:05 IST" name="Suite" finished-at="2024-01-06T11:47:50 IST" duration-ms="44954">
    <groups>
      <group name="ErrorHandling">
        <method signature="ErrorValidationsTest.LoginErrorValidation()[pri:0, instance:testingframework.Tests.ErrorValidationsTest@3214ee6]" name="LoginErrorValidation" class="testingframework.Tests.ErrorValidationsTest"/>
      </group> <!-- ErrorHandling -->
    </groups>
    <test started-at="2024-01-06T11:47:05 IST" name="Error Validation Test" finished-at="2024-01-06T11:47:24 IST" duration-ms="19487">
      <class name="testingframework.Tests.ErrorValidationsTest">
        <test-method is-config="true" signature="launchApplication()[pri:0, instance:testingframework.Tests.ErrorValidationsTest@3214ee6]" started-at="2024-01-06T11:47:05 IST" name="launchApplication" finished-at="2024-01-06T11:47:08 IST" duration-ms="2932" status="PASS">
          <reporter-output>
          </reporter-output>
        </test-method> <!-- launchApplication -->
        <test-method signature="LoginErrorValidation()[pri:0, instance:testingframework.Tests.ErrorValidationsTest@3214ee6]" started-at="2024-01-06T11:47:08 IST" name="LoginErrorValidation" finished-at="2024-01-06T11:47:09 IST" duration-ms="771" status="PASS">
          <reporter-output>
          </reporter-output>
        </test-method> <!-- LoginErrorValidation -->
        <test-method is-config="true" signature="tearDown()[pri:0, instance:testingframework.Tests.ErrorValidationsTest@3214ee6]" started-at="2024-01-06T11:47:09 IST" name="tearDown" finished-at="2024-01-06T11:47:11 IST" duration-ms="2170" status="PASS">
          <reporter-output>
          </reporter-output>
        </test-method> <!-- tearDown -->
        <test-method is-config="true" signature="launchApplication()[pri:0, instance:testingframework.Tests.ErrorValidationsTest@3214ee6]" started-at="2024-01-06T11:47:11 IST" name="launchApplication" finished-at="2024-01-06T11:47:14 IST" duration-ms="2967" status="PASS">
          <reporter-output>
          </reporter-output>
        </test-method> <!-- launchApplication -->
        <test-method signature="ProductErrorValidation()[pri:0, instance:testingframework.Tests.ErrorValidationsTest@3214ee6]" started-at="2024-01-06T11:47:14 IST" name="ProductErrorValidation" finished-at="2024-01-06T11:47:22 IST" duration-ms="8324" status="PASS">
          <reporter-output>
          </reporter-output>
        </test-method> <!-- ProductErrorValidation -->
        <test-method is-config="true" signature="tearDown()[pri:0, instance:testingframework.Tests.ErrorValidationsTest@3214ee6]" started-at="2024-01-06T11:47:22 IST" name="tearDown" finished-at="2024-01-06T11:47:24 IST" duration-ms="2240" status="PASS">
          <reporter-output>
          </reporter-output>
        </test-method> <!-- tearDown -->
      </class> <!-- testingframework.Tests.ErrorValidationsTest -->
    </test> <!-- Error Validation Test -->
    <test started-at="2024-01-06T11:47:05 IST" name="Submit Order Test" finished-at="2024-01-06T11:47:50 IST" duration-ms="44954">
      <class name="testingframework.Tests.SubmitOrderTest">
        <test-method is-config="true" signature="launchApplication()[pri:0, instance:testingframework.Tests.SubmitOrderTest@387a8303]" started-at="2024-01-06T11:47:05 IST" name="launchApplication" finished-at="2024-01-06T11:47:09 IST" duration-ms="3370" status="PASS">
          <reporter-output>
          </reporter-output>
        </test-method> <!-- launchApplication -->
        <test-method signature="SubmitOrder(java.util.HashMap)[pri:0, instance:testingframework.Tests.SubmitOrderTest@387a8303]" started-at="2024-01-06T11:47:09 IST" name="SubmitOrder" data-provider="getData" finished-at="2024-01-06T11:47:22 IST" duration-ms="13111" status="PASS">
          <params>
            <param index="0">
              <value>
                <![CDATA[{password=Avos@1234, product=ZARA COAT 3, username=AvosD@gmail.com}]]>
              </value>
            </param>
          </params>
          <reporter-output>
          </reporter-output>
        </test-method> <!-- SubmitOrder -->
        <test-method is-config="true" signature="tearDown()[pri:0, instance:testingframework.Tests.SubmitOrderTest@387a8303]" started-at="2024-01-06T11:47:22 IST" name="tearDown" finished-at="2024-01-06T11:47:24 IST" duration-ms="2143" status="PASS">
          <reporter-output>
          </reporter-output>
        </test-method> <!-- tearDown -->
        <test-method is-config="true" signature="launchApplication()[pri:0, instance:testingframework.Tests.SubmitOrderTest@387a8303]" started-at="2024-01-06T11:47:24 IST" name="launchApplication" finished-at="2024-01-06T11:47:26 IST" duration-ms="2091" status="PASS">
          <reporter-output>
          </reporter-output>
        </test-method> <!-- launchApplication -->
        <test-method signature="SubmitOrder(java.util.HashMap)[pri:0, instance:testingframework.Tests.SubmitOrderTest@387a8303]" started-at="2024-01-06T11:47:26 IST" name="SubmitOrder" data-provider="getData" finished-at="2024-01-06T11:47:39 IST" duration-ms="13208" status="PASS">
          <params>
            <param index="0">
              <value>
                <![CDATA[{password=Acekazuki@123, product=ACE SWAGS, username=ace_kazuki@gmail.com}]]>
              </value>
            </param>
          </params>
          <reporter-output>
          </reporter-output>
        </test-method> <!-- SubmitOrder -->
        <test-method is-config="true" signature="tearDown()[pri:0, instance:testingframework.Tests.SubmitOrderTest@387a8303]" started-at="2024-01-06T11:47:39 IST" name="tearDown" finished-at="2024-01-06T11:47:41 IST" duration-ms="2199" status="PASS">
          <reporter-output>
          </reporter-output>
        </test-method> <!-- tearDown -->
        <test-method is-config="true" signature="launchApplication()[pri:0, instance:testingframework.Tests.SubmitOrderTest@387a8303]" started-at="2024-01-06T11:47:41 IST" name="launchApplication" finished-at="2024-01-06T11:47:43 IST" duration-ms="1653" status="PASS">
          <reporter-output>
          </reporter-output>
        </test-method> <!-- launchApplication -->
        <test-method signature="orderHistoryTest()[pri:0, instance:testingframework.Tests.SubmitOrderTest@387a8303]" started-at="2024-01-06T11:47:43 IST" name="orderHistoryTest" finished-at="2024-01-06T11:47:48 IST" depends-on-methods="testingframework.Tests.SubmitOrderTest.SubmitOrder" duration-ms="4606" status="PASS">
          <reporter-output>
          </reporter-output>
        </test-method> <!-- orderHistoryTest -->
        <test-method is-config="true" signature="tearDown()[pri:0, instance:testingframework.Tests.SubmitOrderTest@387a8303]" started-at="2024-01-06T11:47:48 IST" name="tearDown" finished-at="2024-01-06T11:47:50 IST" duration-ms="2183" status="PASS">
          <reporter-output>
          </reporter-output>
        </test-method> <!-- tearDown -->
      </class> <!-- testingframework.Tests.SubmitOrderTest -->
    </test> <!-- Submit Order Test -->
  </suite> <!-- Suite -->
</testng-results>
