<?xml version="1.0" encoding="UTF-8"?>
<testng-results ignored="0" total="1" passed="1" failed="0" skipped="0">
  <reporter-output>
  </reporter-output>
  <suite started-at="2023-12-24T19:28:09 IST" name="Default suite" finished-at="2023-12-24T19:28:24 IST" duration-ms="15635">
    <groups>
    </groups>
    <test started-at="2023-12-24T19:28:09 IST" name="Default test" finished-at="2023-12-24T19:28:24 IST" duration-ms="15635">
      <class name="testingframework.Tests.SubmitOrderTest">
        <test-method is-config="true" signature="launchApplication()[pri:0, instance:testingframework.Tests.SubmitOrderTest@1bd4fdd]" started-at="2023-12-24T19:28:09 IST" name="launchApplication" finished-at="2023-12-24T19:28:12 IST" duration-ms="3553" status="PASS">
          <reporter-output>
          </reporter-output>
        </test-method> <!-- launchApplication -->
        <test-method signature="SubmitOrder()[pri:0, instance:testingframework.Tests.SubmitOrderTest@1bd4fdd]" started-at="2023-12-24T19:28:12 IST" name="SubmitOrder" finished-at="2023-12-24T19:28:22 IST" duration-ms="9956" status="PASS">
          <reporter-output>
          </reporter-output>
        </test-method> <!-- SubmitOrder -->
        <test-method is-config="true" signature="tearDown()[pri:0, instance:testingframework.Tests.SubmitOrderTest@1bd4fdd]" started-at="2023-12-24T19:28:22 IST" name="tearDown" finished-at="2023-12-24T19:28:24 IST" duration-ms="2079" status="PASS">
          <reporter-output>
          </reporter-output>
        </test-method> <!-- tearDown -->
      </class> <!-- testingframework.Tests.SubmitOrderTest -->
    </test> <!-- Default test -->
  </suite> <!-- Default suite -->
</testng-results>
